<?xml version="1.0" encoding="UTF-8"?>
<testng-results ignored="0" total="3" passed="3" failed="0" skipped="0">
  <reporter-output>
  </reporter-output>
  <suite started-at="2021-12-17T19:13:43 GMT" name="Suite" finished-at="2021-12-17T19:13:43 GMT" duration-ms="58">
    <groups>
    </groups>
    <test started-at="2021-12-17T19:13:43 GMT" name="Test" finished-at="2021-12-17T19:13:43 GMT" duration-ms="58">
      <class name="mp.ms.OneTest">
        <test-method signature="method1()[pri:0, instance:mp.ms.OneTest@5a955565]" started-at="2021-12-17T19:13:43 GMT" name="method1" finished-at="2021-12-17T19:13:43 GMT" duration-ms="0" status="PASS">
          <reporter-output>
          </reporter-output>
        </test-method> <!-- method1 -->
        <test-method signature="method2()[pri:0, instance:mp.ms.OneTest@5a955565]" started-at="2021-12-17T19:13:43 GMT" name="method2" finished-at="2021-12-17T19:13:43 GMT" duration-ms="0" status="PASS">
          <reporter-output>
          </reporter-output>
        </test-method> <!-- method2 -->
      </class> <!-- mp.ms.OneTest -->
      <class name="mp.ms.TwoTest">
        <test-method signature="method3()[pri:0, instance:mp.ms.TwoTest@527e5409]" started-at="2021-12-17T19:13:43 GMT" name="method3" finished-at="2021-12-17T19:13:43 GMT" duration-ms="6" status="PASS">
          <reporter-output>
          </reporter-output>
        </test-method> <!-- method3 -->
      </class> <!-- mp.ms.TwoTest -->
    </test> <!-- Test -->
  </suite> <!-- Suite -->
</testng-results>
